<?xml version="1.0" encoding="UTF-8"?>
<testng-results skipped="0" failed="0" ignored="0" total="1" passed="1">
  <reporter-output>
  </reporter-output>
  <suite name="Default suite" duration-ms="164072" started-at="2020-04-28T09:32:08Z" finished-at="2020-04-28T09:34:52Z">
    <groups>
    </groups>
    <test name="Default test" duration-ms="164072" started-at="2020-04-28T09:32:08Z" finished-at="2020-04-28T09:34:52Z">
      <class name="gft2.sel2">
        <test-method status="PASS" signature="configure_details()[pri:0, instance:gft2.sel2@59f99ea]" name="configure_details" duration-ms="164010" started-at="2020-04-28T09:32:08Z" finished-at="2020-04-28T09:34:52Z">
          <reporter-output>
          </reporter-output>
        </test-method> <!-- configure_details -->
      </class> <!-- gft2.sel2 -->
    </test> <!-- Default test -->
  </suite> <!-- Default suite -->
</testng-results>
